<?xml version="1.0" encoding="UTF-8"?>
<!-- Generated by org.testng.reporters.JUnitReportReporter -->
<testsuite skipped="0" hostname="DDC2-D-9TNG882" name="pckg1.testsuite" tests="5" failures="0" timestamp="19 Jul 2019 11:13:45 GMT" time="0.025" errors="0">
  <testcase name="method2" time="0.001" classname="pckg1.testsuite"/>
  <testcase name="method3" time="0.001" classname="pckg1.testsuite"/>
  <testcase name="method1" time="0.001" classname="pckg1.testsuite"/>
  <testcase name="method1" time="0.018" classname="pckg1.testsuite"/>
  <testcase name="method2" time="0.004" classname="pckg1.testsuite"/>
</testsuite> <!-- pckg1.testsuite -->
