<?xml version="1.0" encoding="UTF-8"?>
<!-- Generated by org.testng.reporters.JUnitReportReporter -->
<testsuite skipped="0" hostname="DDC2-D-9TNG882" name="pckg1.datapriority" tests="2" failures="0" timestamp="19 Jul 2019 10:24:37 GMT" time="231.896" errors="0">
  <testcase name="f" time="64.274" classname="pckg1.datapriority"/>
  <testcase name="f" time="167.622" classname="pckg1.datapriority"/>
</testsuite> <!-- pckg1.datapriority -->
