<?xml version="1.0" encoding="UTF-8"?>
<!-- Generated by org.testng.reporters.JUnitReportReporter -->
<testsuite skipped="0" hostname="DDC2-D-9TNG882" name="write" tests="1" failures="0" timestamp="22 Jul 2019 09:39:57 GMT" time="0.947" errors="0">
  <testcase name="f" time="0.947" classname="write"/>
</testsuite> <!-- write -->
