<?xml version="1.0" encoding="UTF-8"?>
<!-- Generated by org.testng.reporters.JUnitReportReporter -->
<testsuite skipped="0" hostname="DDC2-D-9TNG882" name="pckg1.annotations" tests="1" failures="0" timestamp="19 Jul 2019 09:26:10 GMT" time="0.008" errors="0">
  <testcase name="f" time="0.008" classname="pckg1.annotations"/>
</testsuite> <!-- pckg1.annotations -->
