<?xml version="1.0" encoding="UTF-8"?>
<!-- Generated by org.testng.reporters.JUnitReportReporter -->
<testsuite skipped="1" hostname="DDC2-D-9TNG882" name="pckg1.Priority" tests="3" failures="0" timestamp="19 Jul 2019 09:24:01 GMT" time="0.034" errors="0">
  <testcase name="testpriority" time="0.030" classname="pckg1.Priority"/>
  <testcase name="testFacebook" time="0.004" classname="pckg1.Priority"/>
  <testcase name="testTwitter" classname="pckg1.Priority">
    <skipped/>
  </testcase> <!-- testTwitter -->
</testsuite> <!-- pckg1.Priority -->
