<?xml version="1.0" encoding="UTF-8"?>
<!-- Generated by org.testng.reporters.JUnitReportReporter -->
<testsuite skipped="0" hostname="DDC2-D-9TNG882" name="casestudy" tests="2" failures="0" timestamp="22 Jul 2019 09:51:19 GMT" time="1.927" errors="0">
  <testcase name="writeexcel" time="0.246" classname="casestudy"/>
  <testcase name="readbook" time="1.681" classname="casestudy"/>
</testsuite> <!-- casestudy -->
