<?xml version="1.0" encoding="UTF-8"?>
<!-- Generated by org.testng.reporters.JUnitReportReporter -->
<testsuite skipped="0" hostname="DDC2-D-9TNG882" name="pckg1.testsuite3" tests="3" failures="0" timestamp="19 Jul 2019 11:13:45 GMT" time="0.006" errors="0">
  <testcase name="method6" time="0.002" classname="pckg1.testsuite3"/>
  <testcase name="method5" time="0.002" classname="pckg1.testsuite3"/>
  <testcase name="method4" time="0.002" classname="pckg1.testsuite3"/>
</testsuite> <!-- pckg1.testsuite3 -->
